<?xml version="1.0" encoding="UTF-8"?>
<!-- Generated by org.testng.reporters.JUnitXMLReporter -->
<testsuite hostname="Lenovo" name="Test" tests="4" failures="0" timestamp="3 Feb 2022 20:18:10 GMT" time="0.046" errors="0">
  <testcase name="BrowserAUtomation" time="0.014" classname="qaclickacademy.mavenjava.SeleniumTest"/>
  <testcase name="elementsUi" time="0.0" classname="qaclickacademy.mavenjava.SeleniumTest"/>
  <testcase name="deleteTwitter" time="0.001" classname="qaclickacademy.mavenjava.RESTAPITest"/>
  <testcase name="postJira" time="0.001" classname="qaclickacademy.mavenjava.RESTAPITest"/>
</testsuite> <!-- Test -->
