<?xml version="1.0" encoding="UTF-8"?>
<testng-results skipped="0" failed="0" total="4" passed="4">
  <reporter-output>
  </reporter-output>
  <suite name="Suite" duration-ms="46" started-at="2022-02-03T20:18:10Z" finished-at="2022-02-03T20:18:10Z">
    <groups>
    </groups>
    <test name="Test" duration-ms="46" started-at="2022-02-03T20:18:10Z" finished-at="2022-02-03T20:18:10Z">
      <class name="qaclickacademy.mavenjava.RESTAPITest">
        <test-method status="PASS" signature="deleteTwitter()[pri:0, instance:qaclickacademy.mavenjava.RESTAPITest@1b58ca3]" name="deleteTwitter" duration-ms="1" started-at="2022-02-04T01:48:10Z" finished-at="2022-02-04T01:48:10Z">
          <reporter-output>
          </reporter-output>
        </test-method> <!-- deleteTwitter -->
        <test-method status="PASS" signature="postJira()[pri:0, instance:qaclickacademy.mavenjava.RESTAPITest@1b58ca3]" name="postJira" duration-ms="1" started-at="2022-02-04T01:48:10Z" finished-at="2022-02-04T01:48:10Z">
          <reporter-output>
          </reporter-output>
        </test-method> <!-- postJira -->
      </class> <!-- qaclickacademy.mavenjava.RESTAPITest -->
      <class name="qaclickacademy.mavenjava.SeleniumTest">
        <test-method status="PASS" signature="BrowserAUtomation()[pri:0, instance:qaclickacademy.mavenjava.SeleniumTest@6a205]" name="BrowserAUtomation" duration-ms="14" started-at="2022-02-04T01:48:10Z" finished-at="2022-02-04T01:48:10Z">
          <reporter-output>
          </reporter-output>
        </test-method> <!-- BrowserAUtomation -->
        <test-method status="PASS" signature="elementsUi()[pri:0, instance:qaclickacademy.mavenjava.SeleniumTest@6a205]" name="elementsUi" duration-ms="0" started-at="2022-02-04T01:48:10Z" finished-at="2022-02-04T01:48:10Z">
          <reporter-output>
          </reporter-output>
        </test-method> <!-- elementsUi -->
      </class> <!-- qaclickacademy.mavenjava.SeleniumTest -->
    </test> <!-- Test -->
  </suite> <!-- Suite -->
</testng-results>
